[debug] [2026-04-03T19:48:07.756Z] ----------------------------------------------------------------------
[debug] [2026-04-03T19:48:07.773Z] Command:       /home/jcmoore2/.nvm/versions/node/v20.20.2/bin/node /home/jcmoore2/.nvm/versions/node/v20.20.2/bin/firebase init
[debug] [2026-04-03T19:48:07.774Z] CLI Version:   15.13.0
[debug] [2026-04-03T19:48:07.775Z] Platform:      linux
[debug] [2026-04-03T19:48:07.775Z] Node Version:  v20.20.2
[debug] [2026-04-03T19:48:07.775Z] Time:          Fri Apr 03 2026 14:48:07 GMT-0500 (Central Daylight Time)
[debug] [2026-04-03T19:48:07.776Z] ----------------------------------------------------------------------
[debug] 
[info] 
     ######## #### ########  ######## ########     ###     ######  ########
     ##        ##  ##     ## ##       ##     ##  ##   ##  ##       ##
     ######    ##  ########  ######   ########  #########  ######  ######
     ##        ##  ##    ##  ##       ##     ## ##     ##       ## ##
     ##       #### ##     ## ######## ########  ##     ##  ######  ########

You're about to initialize a Firebase project in this directory:

  /home/jcmoore2/b10_corpus/b10_practice_platform

[info] 
=== Project Setup
[info] 
[info] First, let's associate this project directory with a Firebase project.
[info] You can create multiple project aliases by running firebase use --add, 
[info] 
[debug] [2026-04-03T19:50:58.603Z] > command requires scopes: ["email","openid","https://www.googleapis.com/auth/cloudplatformprojects.readonly","https://www.googleapis.com/auth/firebase","https://www.googleapis.com/auth/cloud-platform"]
[debug] [2026-04-03T19:50:58.605Z] > authorizing via signed-in user (jcmoore2dli@gmail.com)
[debug] [2026-04-03T19:50:58.610Z] Checked if tokens are valid: false, expires at: 1775242865012
[debug] [2026-04-03T19:50:58.611Z] Checked if tokens are valid: false, expires at: 1775242865012
[debug] [2026-04-03T19:50:58.611Z] > refreshing access token with scopes: []
[debug] [2026-04-03T19:50:58.623Z] >>> [apiv2][query] POST https://www.googleapis.com/oauth2/v3/token [none]
[debug] [2026-04-03T19:50:58.623Z] >>> [apiv2][body] POST https://www.googleapis.com/oauth2/v3/token [omitted]
[debug] [2026-04-03T19:50:59.010Z] <<< [apiv2][status] POST https://www.googleapis.com/oauth2/v3/token 200
[debug] [2026-04-03T19:50:59.010Z] <<< [apiv2][body] POST https://www.googleapis.com/oauth2/v3/token [omitted]
[debug] [2026-04-03T19:50:59.026Z] >>> [apiv2][query] GET https://firebase.googleapis.com/v1beta1/projects pageSize=100
[debug] [2026-04-03T19:50:59.291Z] <<< [apiv2][status] GET https://firebase.googleapis.com/v1beta1/projects 200
[debug] [2026-04-03T19:50:59.291Z] <<< [apiv2][body] GET https://firebase.googleapis.com/v1beta1/projects [omitted]
[info] 
=== Firestore Setup
[info] i  firestore: ensuring required API firestore.googleapis.com is enabled... 
[debug] [2026-04-03T19:51:41.165Z] Checked if tokens are valid: true, expires at: 1775249458015
[debug] [2026-04-03T19:51:41.166Z] Checked if tokens are valid: true, expires at: 1775249458015
[debug] [2026-04-03T19:51:41.166Z] >>> [apiv2][query] GET https://serviceusage.googleapis.com/v1/projects/b10-practice-platform/services/firestore.googleapis.com [none]
[debug] [2026-04-03T19:51:41.166Z] >>> [apiv2][(partial)header] GET https://serviceusage.googleapis.com/v1/projects/b10-practice-platform/services/firestore.googleapis.com  x-goog-user-project=b10-practice-platform
[debug] [2026-04-03T19:51:41.509Z] <<< [apiv2][status] GET https://serviceusage.googleapis.com/v1/projects/b10-practice-platform/services/firestore.googleapis.com 200
[debug] [2026-04-03T19:51:41.513Z] <<< [apiv2][body] GET https://serviceusage.googleapis.com/v1/projects/b10-practice-platform/services/firestore.googleapis.com [omitted]
[info] ✔  firestore: required API firestore.googleapis.com is enabled 
[debug] [2026-04-03T19:51:41.529Z] Checked if tokens are valid: true, expires at: 1775249458015
[debug] [2026-04-03T19:51:41.530Z] Checked if tokens are valid: true, expires at: 1775249458015
[debug] [2026-04-03T19:51:41.531Z] >>> [apiv2][query] GET https://firestore.googleapis.com/v1/projects/b10-practice-platform/databases [none]
[debug] [2026-04-03T19:51:42.065Z] <<< [apiv2][status] GET https://firestore.googleapis.com/v1/projects/b10-practice-platform/databases 200
[debug] [2026-04-03T19:51:42.066Z] <<< [apiv2][body] GET https://firestore.googleapis.com/v1/projects/b10-practice-platform/databases {"databases":[{"name":"projects/b10-practice-platform/databases/(default)","uid":"2aa55c7c-3f6f-476b-b3b8-36c079d6ffbb","createTime":"2026-04-03T17:52:34.603657Z","updateTime":"2026-04-03T17:52:34.603657Z","locationId":"nam5","type":"FIRESTORE_NATIVE","concurrencyMode":"PESSIMISTIC","versionRetentionPeriod":"3600s","earliestVersionTime":"2026-04-03T18:51:41.934434Z","appEngineIntegrationMode":"DISABLED","keyPrefix":"s","pointInTimeRecoveryEnablement":"POINT_IN_TIME_RECOVERY_DISABLED","deleteProtectionState":"DELETE_PROTECTION_DISABLED","databaseEdition":"STANDARD","freeTier":true,"realtimeUpdatesMode":"REALTIME_UPDATES_MODE_ENABLED","etag":"IJvE8aq60pMDMIml8Nqf0pMD"}]}
[info] 
[info] Firestore Security Rules allow you to define how and when to allow
[info] requests. You can keep these rules in your project directory
[info] and publish them with firebase deploy.
[info] 
[debug] [2026-04-03T19:52:16.473Z] Checked if tokens are valid: true, expires at: 1775249458015
[debug] [2026-04-03T19:52:16.475Z] Checked if tokens are valid: true, expires at: 1775249458015
[debug] [2026-04-03T19:52:16.475Z] >>> [apiv2][query] GET https://firebaserules.googleapis.com/v1/projects/b10-practice-platform/releases pageSize=10&pageToken=
[debug] [2026-04-03T19:52:16.652Z] <<< [apiv2][status] GET https://firebaserules.googleapis.com/v1/projects/b10-practice-platform/releases 200
[debug] [2026-04-03T19:52:16.652Z] <<< [apiv2][body] GET https://firebaserules.googleapis.com/v1/projects/b10-practice-platform/releases {"releases":[{"name":"projects/b10-practice-platform/releases/cloud.firestore","rulesetName":"projects/b10-practice-platform/rulesets/ad5edd33-99ad-40d3-b773-49380ed1b256","createTime":"2026-04-03T17:52:35.243498Z","updateTime":"2026-04-03T17:52:35.243498Z"}]}
[debug] [2026-04-03T19:52:16.654Z] Checked if tokens are valid: true, expires at: 1775249458015
[debug] [2026-04-03T19:52:16.655Z] Checked if tokens are valid: true, expires at: 1775249458015
[debug] [2026-04-03T19:52:16.656Z] >>> [apiv2][query] GET https://firebaserules.googleapis.com/v1/projects/b10-practice-platform/rulesets/ad5edd33-99ad-40d3-b773-49380ed1b256 [none]
[debug] [2026-04-03T19:52:16.816Z] <<< [apiv2][status] GET https://firebaserules.googleapis.com/v1/projects/b10-practice-platform/rulesets/ad5edd33-99ad-40d3-b773-49380ed1b256 200
[debug] [2026-04-03T19:52:16.816Z] <<< [apiv2][body] GET https://firebaserules.googleapis.com/v1/projects/b10-practice-platform/rulesets/ad5edd33-99ad-40d3-b773-49380ed1b256 [omitted]
[info] i  Downloaded the existing Firestore Security Rules from the Firebase console 
[info] 
[info] Firestore indexes allow you to perform complex queries while
[info] maintaining performance that scales with the size of the result
[info] set. You can keep index definitions in your project directory
[info] and publish them with firebase deploy.
[info] 
[debug] [2026-04-03T19:52:43.002Z] Checked if tokens are valid: true, expires at: 1775249458015
[debug] [2026-04-03T19:52:43.003Z] Checked if tokens are valid: true, expires at: 1775249458015
[debug] [2026-04-03T19:52:43.003Z] Checked if tokens are valid: true, expires at: 1775249458015
[debug] [2026-04-03T19:52:43.004Z] Checked if tokens are valid: true, expires at: 1775249458015
[debug] [2026-04-03T19:52:43.005Z] >>> [apiv2][query] GET https://firestore.googleapis.com/v1/projects/b10-practice-platform/databases/(default)/collectionGroups/-/indexes [none]
[debug] [2026-04-03T19:52:43.013Z] >>> [apiv2][query] GET https://firestore.googleapis.com/v1/projects/b10-practice-platform/databases/(default)/collectionGroups/-/fields?filter=indexConfig.usesAncestorConfig=false OR ttlConfig:* [none]
[debug] [2026-04-03T19:52:43.300Z] <<< [apiv2][status] GET https://firestore.googleapis.com/v1/projects/b10-practice-platform/databases/(default)/collectionGroups/-/indexes 200
[debug] [2026-04-03T19:52:43.301Z] <<< [apiv2][body] GET https://firestore.googleapis.com/v1/projects/b10-practice-platform/databases/(default)/collectionGroups/-/indexes {}
[debug] [2026-04-03T19:52:43.437Z] <<< [apiv2][status] GET https://firestore.googleapis.com/v1/projects/b10-practice-platform/databases/(default)/collectionGroups/-/fields?filter=indexConfig.usesAncestorConfig=false OR ttlConfig:* 200
[debug] [2026-04-03T19:52:43.438Z] <<< [apiv2][body] GET https://firestore.googleapis.com/v1/projects/b10-practice-platform/databases/(default)/collectionGroups/-/fields?filter=indexConfig.usesAncestorConfig=false OR ttlConfig:* {"fields":[{"name":"projects/b10-practice-platform/databases/(default)/collectionGroups/__default__/fields/*","indexConfig":{"indexes":[{"queryScope":"COLLECTION","fields":[{"fieldPath":"*","order":"ASCENDING"}],"state":"READY"},{"queryScope":"COLLECTION","fields":[{"fieldPath":"*","order":"DESCENDING"}],"state":"READY"},{"queryScope":"COLLECTION","fields":[{"fieldPath":"*","arrayConfig":"CONTAINS"}],"state":"READY"}]}}]}
[info] i  Downloaded the existing Firestore indexes from the Firebase console 
[info] ✔  Wrote firestore.rules 
[info] ✔  Wrote firestore.indexes.json 
[info] 
=== Functions Setup
[debug] [2026-04-03T19:52:43.445Z] > command requires scopes: ["email","openid","https://www.googleapis.com/auth/cloudplatformprojects.readonly","https://www.googleapis.com/auth/firebase","https://www.googleapis.com/auth/cloud-platform"]
[debug] [2026-04-03T19:52:43.446Z] > authorizing via signed-in user (jcmoore2dli@gmail.com)
[debug] [2026-04-03T19:52:43.446Z] [iam] checking project b10-practice-platform for permissions ["firebase.projects.get"]
[debug] [2026-04-03T19:52:43.447Z] Checked if tokens are valid: true, expires at: 1775249458015
[debug] [2026-04-03T19:52:43.447Z] Checked if tokens are valid: true, expires at: 1775249458015
[debug] [2026-04-03T19:52:43.447Z] >>> [apiv2][query] POST https://cloudresourcemanager.googleapis.com/v1/projects/b10-practice-platform:testIamPermissions [none]
[debug] [2026-04-03T19:52:43.448Z] >>> [apiv2][(partial)header] POST https://cloudresourcemanager.googleapis.com/v1/projects/b10-practice-platform:testIamPermissions  x-goog-user-project=b10-practice-platform
[debug] [2026-04-03T19:52:43.448Z] >>> [apiv2][body] POST https://cloudresourcemanager.googleapis.com/v1/projects/b10-practice-platform:testIamPermissions {"permissions":["firebase.projects.get"]}
[debug] [2026-04-03T19:52:43.649Z] <<< [apiv2][status] POST https://cloudresourcemanager.googleapis.com/v1/projects/b10-practice-platform:testIamPermissions 200
[debug] [2026-04-03T19:52:43.650Z] <<< [apiv2][body] POST https://cloudresourcemanager.googleapis.com/v1/projects/b10-practice-platform:testIamPermissions {"permissions":["firebase.projects.get"]}
[debug] [2026-04-03T19:52:43.654Z] Checked if tokens are valid: true, expires at: 1775249458015
[debug] [2026-04-03T19:52:43.657Z] Checked if tokens are valid: true, expires at: 1775249458015
[debug] [2026-04-03T19:52:43.658Z] Checked if tokens are valid: true, expires at: 1775249458015
[debug] [2026-04-03T19:52:43.658Z] Checked if tokens are valid: true, expires at: 1775249458015
[debug] [2026-04-03T19:52:43.658Z] >>> [apiv2][query] GET https://serviceusage.googleapis.com/v1/projects/b10-practice-platform/services/cloudfunctions.googleapis.com [none]
[debug] [2026-04-03T19:52:43.658Z] >>> [apiv2][(partial)header] GET https://serviceusage.googleapis.com/v1/projects/b10-practice-platform/services/cloudfunctions.googleapis.com  x-goog-user-project=b10-practice-platform
[debug] [2026-04-03T19:52:43.664Z] >>> [apiv2][query] GET https://serviceusage.googleapis.com/v1/projects/b10-practice-platform/services/runtimeconfig.googleapis.com [none]
[debug] [2026-04-03T19:52:43.664Z] >>> [apiv2][(partial)header] GET https://serviceusage.googleapis.com/v1/projects/b10-practice-platform/services/runtimeconfig.googleapis.com  x-goog-user-project=b10-practice-platform
[debug] [2026-04-03T19:52:44.224Z] <<< [apiv2][status] GET https://serviceusage.googleapis.com/v1/projects/b10-practice-platform/services/runtimeconfig.googleapis.com 200
[debug] [2026-04-03T19:52:44.224Z] <<< [apiv2][body] GET https://serviceusage.googleapis.com/v1/projects/b10-practice-platform/services/runtimeconfig.googleapis.com [omitted]
[debug] [2026-04-03T19:52:44.248Z] <<< [apiv2][status] GET https://serviceusage.googleapis.com/v1/projects/b10-practice-platform/services/cloudfunctions.googleapis.com 200
[debug] [2026-04-03T19:52:44.254Z] <<< [apiv2][body] GET https://serviceusage.googleapis.com/v1/projects/b10-practice-platform/services/cloudfunctions.googleapis.com [omitted]
[debug] [2026-04-03T19:52:44.256Z] Checked if tokens are valid: true, expires at: 1775249458015
[debug] [2026-04-03T19:52:44.256Z] Checked if tokens are valid: true, expires at: 1775249458015
[debug] [2026-04-03T19:52:44.256Z] >>> [apiv2][query] POST https://serviceusage.googleapis.com/v1/projects/b10-practice-platform/services/cloudfunctions.googleapis.com:enable [none]
[debug] [2026-04-03T19:52:44.257Z] >>> [apiv2][(partial)header] POST https://serviceusage.googleapis.com/v1/projects/b10-practice-platform/services/cloudfunctions.googleapis.com:enable  x-goog-user-project=b10-practice-platform
[debug] [2026-04-03T19:52:44.669Z] <<< [apiv2][status] POST https://serviceusage.googleapis.com/v1/projects/b10-practice-platform/services/cloudfunctions.googleapis.com:enable 200
[debug] [2026-04-03T19:52:44.669Z] <<< [apiv2][body] POST https://serviceusage.googleapis.com/v1/projects/b10-practice-platform/services/cloudfunctions.googleapis.com:enable [omitted]
[info] Let's create a new codebase for your functions.
[info] A directory corresponding to the codebase will be created in your project
[info] with sample code pre-configured.

[info] See https://firebase.google.com/docs/functions/organize-functions for
[info] more information on organizing your functions using codebases.

[info] Functions can be deployed with firebase deploy.

[info] ✔  Wrote functions/package.json 
[info] ✔  Wrote functions/index.js 
[info] ✔  Wrote functions/.gitignore 
[debug] [2026-04-03T19:54:03.906Z] ExitPromptError: User force closed the prompt with SIGINT
    at Interface.sigint (/home/jcmoore2/.nvm/versions/node/v20.20.2/lib/node_modules/firebase-tools/node_modules/@inquirer/core/dist/commonjs/lib/create-prompt.js:101:37)
    at Interface.emit (node:events:524:28)
    at [_ttyWrite] [as _ttyWrite] (node:internal/readline/interface:1134:18)
    at ReadStream.onkeypress (node:internal/readline/interface:267:20)
    at ReadStream.emit (node:events:536:35)
    at emitKeys (node:internal/readline/utils:371:14)
    at emitKeys.next (<anonymous>)
    at ReadStream.onData (node:internal/readline/emitKeypressEvents:64:36)
    at ReadStream.emit (node:events:524:28)
    at addChunk (node:internal/streams/readable:561:12)
[error] 
[error] Error: An unexpected error has occurred.
